<?xml version="1.0" encoding="UTF-8"?>
<testsuite xmlns:xsi="http://www.w3.org/2001/XMLSchema-instance" xsi:noNamespaceSchemaLocation="https://maven.apache.org/surefire/maven-surefire-plugin/xsd/surefire-test-report.xsd" name="com.revature.AppTest" time="0.064" tests="1" errors="0" skipped="0" failures="0">
  <properties>
    <property name="java.specification.version" value="14"/>
    <property name="sun.cpu.isalist" value="amd64"/>
    <property name="sun.jnu.encoding" value="Cp1252"/>
    <property name="java.class.path" value="C:\Users\Myron.000\IdeaProjects\trainer-code\Week1Java\TourOfHeros\Project0\target\test-classes;C:\Users\Myron.000\IdeaProjects\trainer-code\Week1Java\TourOfHeros\Project0\target\classes;C:\Users\Myron.000\.m2\repository\junit\junit\4.11\junit-4.11.jar;C:\Users\Myron.000\.m2\repository\org\hamcrest\hamcrest-core\1.3\hamcrest-core-1.3.jar;C:\Users\Myron.000\.m2\repository\org\postgresql\postgresql\9.4-1206-jdbc42\postgresql-9.4-1206-jdbc42.jar;"/>
    <property name="java.vm.vendor" value="Oracle Corporation"/>
    <property name="sun.arch.data.model" value="64"/>
    <property name="user.variant" value=""/>
    <property name="java.vendor.url" value="https://java.oracle.com/"/>
    <property name="user.timezone" value="America/New_York"/>
    <property name="os.name" value="Windows 10"/>
    <property name="java.vm.specification.version" value="14"/>
    <property name="sun.java.launcher" value="SUN_STANDARD"/>
    <property name="user.country" value="US"/>
    <property name="sun.boot.library.path" value="C:\Users\Myron.000\.jdks\openjdk-14.0.1\bin"/>
    <property name="sun.java.command" value="C:\Users\Myron.000\AppData\Local\Temp\surefire402294844380261861\surefirebooter3341169387617702445.jar C:\Users\Myron.000\AppData\Local\Temp\surefire402294844380261861 2020-06-11T19-06-35_475-jvmRun1 surefire1460856982758260832tmp surefire_01303531278911375074tmp"/>
    <property name="jdk.debug" value="release"/>
    <property name="surefire.test.class.path" value="C:\Users\Myron.000\IdeaProjects\trainer-code\Week1Java\TourOfHeros\Project0\target\test-classes;C:\Users\Myron.000\IdeaProjects\trainer-code\Week1Java\TourOfHeros\Project0\target\classes;C:\Users\Myron.000\.m2\repository\junit\junit\4.11\junit-4.11.jar;C:\Users\Myron.000\.m2\repository\org\hamcrest\hamcrest-core\1.3\hamcrest-core-1.3.jar;C:\Users\Myron.000\.m2\repository\org\postgresql\postgresql\9.4-1206-jdbc42\postgresql-9.4-1206-jdbc42.jar;"/>
    <property name="sun.cpu.endian" value="little"/>
    <property name="user.home" value="C:\Users\Myron.000"/>
    <property name="user.language" value="en"/>
    <property name="java.specification.vendor" value="Oracle Corporation"/>
    <property name="java.version.date" value="2020-04-14"/>
    <property name="java.home" value="C:\Users\Myron.000\.jdks\openjdk-14.0.1"/>
    <property name="file.separator" value="\"/>
    <property name="basedir" value="C:\Users\Myron.000\IdeaProjects\trainer-code\Week1Java\TourOfHeros\Project0"/>
    <property name="java.vm.compressedOopsMode" value="Zero based"/>
    <property name="line.separator" value="&#10;"/>
    <property name="java.vm.specification.vendor" value="Oracle Corporation"/>
    <property name="java.specification.name" value="Java Platform API Specification"/>
    <property name="idea.version2020.1.2" value="true"/>
    <property name="surefire.real.class.path" value="C:\Users\Myron.000\AppData\Local\Temp\surefire402294844380261861\surefirebooter3341169387617702445.jar"/>
    <property name="user.script" value=""/>
    <property name="sun.management.compiler" value="HotSpot 64-Bit Tiered Compilers"/>
    <property name="java.runtime.version" value="14.0.1+7"/>
    <property name="user.name" value="Myron"/>
    <property name="path.separator" value=";"/>
    <property name="os.version" value="10.0"/>
    <property name="java.runtime.name" value="OpenJDK Runtime Environment"/>
    <property name="file.encoding" value="Cp1252"/>
    <property name="java.vm.name" value="OpenJDK 64-Bit Server VM"/>
    <property name="localRepository" value="C:\Users\Myron.000\.m2\repository"/>
    <property name="java.vendor.url.bug" value="https://bugreport.java.com/bugreport/"/>
    <property name="java.io.tmpdir" value="C:\Users\Myron.000\AppData\Local\Temp\"/>
    <property name="java.version" value="14.0.1"/>
    <property name="user.dir" value="C:\Users\Myron.000\IdeaProjects\trainer-code\Week1Java\TourOfHeros\Project0"/>
    <property name="os.arch" value="amd64"/>
    <property name="java.vm.specification.name" value="Java Virtual Machine Specification"/>
    <property name="sun.os.patch.level" value=""/>
    <property name="java.library.path" value="C:\Users\Myron.000\.jdks\openjdk-14.0.1\bin;C:\WINDOWS\Sun\Java\bin;C:\WINDOWS\system32;C:\WINDOWS;C:\Program Files\NVIDIA GPU Computing Toolkit\CUDA\v10.1\bin;C:\Program Files\NVIDIA GPU Computing Toolkit\CUDA\v10.1\libnvvp;C:\Program Files (x86)\Intel\iCLS Client\;C:\Program Files\Intel\iCLS Client\;C:\WINDOWS\system32;C:\WINDOWS;C:\WINDOWS\System32\Wbem;C:\WINDOWS\System32\WindowsPowerShell\v1.0\;C:\Program Files (x86)\NVIDIA Corporation\PhysX\Common;C:\Program Files (x86)\Intel\Intel(R) Management Engine Components\DAL;C:\Program Files\Intel\Intel(R) Management Engine Components\DAL;C:\Program Files (x86)\Intel\Intel(R) Management Engine Components\IPT;C:\Program Files\Intel\Intel(R) Management Engine Components\IPT;C:\Program Files (x86)\Common Files\Intuit\QBPOSSDKRuntime;C:\Program Files (x86)\PharosSystems\Core;C:\WINDOWS\System32\OpenSSH\;C:\Program Files\NVIDIA Corporation\NVIDIA NvDLISR;C:\Program Files\Microsoft VS Code\bin;C:\Program Files\MATLAB\R2018b\runtime\win64;C:\Program Files\MATLAB\R2018b\bin;C:\PostgreSQL\pg11\bin;C:\Program Files\NVIDIA Corporation\Nsight Compute 2019.1\;C:\Program Files\dotnet\;C:\ProgramData\ComposerSetup\bin;C:\Program Files\Git\cmd;C:\Program Files\Git\mingw64\bin;C:\Program Files\Git\usr\bin;C:\xampp\php;C:\Program Files\Dart\dart-sdk\bin;C:\Program Files\nodejs\;C:\ProgramData\chocolatey\bin;C:\WINDOWS\system32;C:\WINDOWS;C:\WINDOWS\System32\Wbem;C:\WINDOWS\System32\WindowsPowerShell\v1.0\;C:\WINDOWS\System32\OpenSSH\;C:\Users\Myron.000\AppData\Roaming\npm;C:\Program Files\Microsoft SQL Server\130\Tools\Binn\;C:\Program Files\Microsoft SQL Server\Client SDK\ODBC\170\Tools\Binn\;C:\Program Files\Java\jdk-13.0.2\bin;C:\Program Files (x86)\sbt\bin;C:\Users\Myron.000\AppData\Local\Programs\Python\Python36\Scripts\;C:\Users\Myron.000\AppData\Local\Programs\Python\Python36\;C:\Users\Myron.000\AppData\Local\Programs\Python\Python36-32\Scripts\;C:\Users\Myron.000\AppData\Local\Programs\Python\Python36-32\;C:\Users\Myron.000\AppData\Local\Programs\Python\Python38\Scripts\;C:\Users\Myron.000\AppData\Local\Programs\Python\Python38\;C:\Users\Myron.000\AppData\Local\Programs\Python\Launcher\;C:\Users\Myron\AppData\Local\Programs\Python\Python36-32\Scripts\;C:\Users\Myron\AppData\Local\Programs\Python\Python36-32\;C:\Users\Myron\AppData\Local\Microsoft\WindowsApps;C:\Users\Myron\AppData\Local\atom\bin;C:\Users\Myron\.anaconda;C:\Users\Myron\.anaconda\navigator\scripts;C:\Program Files\Docker Toolbox;C:\Users\Myron\AppData\Roaming\Composer\vendor\bin;C:\Users\Myron\Anaconda3\pkgs\sqlite-3.28.0-he774522_0\Library\bin;C:\Users\Myron\AppData\Roaming\Python\Python36\Scripts;C:\Program Files (x86)\flutter\bin;C:\Users\Myron\AppData\Roaming\npm;C:\Users\Myron.000\AppData\Roaming\npm\node_modules\@angular\cli\bin;C:\Program Files\nodejs;C:\Program Files\heroku\bin;C:\tools\dart-sdk\bin;C:\Users\Myron\AppData\Roaming\Pub\Cache\bin;C:\Users\Myron.000\AppData\Local\Microsoft\WindowsApps;C:\Program Files\JetBrains\IntelliJ IDEA Community Edition 2019.3.3\bin;;C:\Program Files\javafx-sdk-11.0.2\lib;C:\Program Files\MongoDB\Server\4.2\bin;;."/>
    <property name="java.vm.info" value="mixed mode, sharing"/>
    <property name="java.vendor" value="Oracle Corporation"/>
    <property name="java.vm.version" value="14.0.1+7"/>
    <property name="sun.io.unicode.encoding" value="UnicodeLittle"/>
    <property name="java.class.version" value="58.0"/>
  </properties>
  <testcase name="shouldAnswerWithTrue" classname="com.revature.AppTest" time="0.003"/>
</testsuite>